<?xml version="1.0" encoding="UTF-8"?>
<!-- Generated by org.testng.reporters.JUnitXMLReporter -->
<testsuite ignored="1" hostname="Saurabh" failures="0" tests="3" name="Test" time="7.482" errors="0" timestamp="2024-08-27T18:04:38 IST">
  <testcase classname="test.LoginTest" name="verifypagetitle" time="0.033"/>
  <testcase classname="test.LoginTest" name="login" time="1.277"/>
  <testcase classname="test.HomeTest" name="logout" time="6.089"/>
  <testcase classname="test.BaseTest" name="@AfterSuite teardown" time="0.0">
    <ignored/>
  </testcase> <!-- @AfterSuite teardown -->
</testsuite> <!-- Test -->
