<?xml version="1.0" encoding="UTF-8"?>
<!-- Generated by org.testng.reporters.JUnitXMLReporter -->
<testsuite ignored="1" hostname="Saurabh" failures="0" tests="3" name="Test" time="6.927" errors="0" timestamp="2024-11-09T16:10:07 IST">
  <testcase classname="test.LoginTest" name="verifypagetitle" time="0.029"/>
  <testcase classname="test.LoginTest" name="login" time="2.101"/>
  <testcase classname="test.HomeTest" name="logout" time="4.71"/>
  <testcase classname="test.BaseTest" name="@AfterSuite teardown" time="0.0">
    <ignored/>
  </testcase> <!-- @AfterSuite teardown -->
</testsuite> <!-- Test -->
